<?xml version="1.0" encoding="utf-8"?><testsuites name="pytest tests"><testsuite name="pytest" errors="0" failures="0" skipped="0" tests="16" time="8.208" timestamp="2026-02-22T20:23:59.397518+00:00" hostname="agent-env-67fa3b8d-fd44-49f4-868c-0c9a63dd039c"><testcase classname="backend.tests.test_tokhealth_api.TestHealthCheck" name="test_api_root" time="0.175" /><testcase classname="backend.tests.test_tokhealth_api.TestHealthCheck" name="test_health_endpoint" time="0.159" /><testcase classname="backend.tests.test_tokhealth_api.TestBiometricsAPI" name="test_get_today_biometrics" time="0.118" /><testcase classname="backend.tests.test_tokhealth_api.TestBiometricsAPI" name="test_log_biometrics" time="0.106" /><testcase classname="backend.tests.test_tokhealth_api.TestBiometricsAPI" name="test_biometric_zones" time="0.126" /><testcase classname="backend.tests.test_tokhealth_api.TestBiometricsAPI" name="test_biometric_history" time="0.161" /><testcase classname="backend.tests.test_tokhealth_api.TestNutritionAPI" name="test_get_today_nutrition" time="0.135" /><testcase classname="backend.tests.test_tokhealth_api.TestNutritionAPI" name="test_log_meal" time="0.112" /><testcase classname="backend.tests.test_tokhealth_api.TestLoopAPI" name="test_get_loop_status" time="0.111" /><testcase classname="backend.tests.test_tokhealth_api.TestHealthCoachAPI" name="test_get_coach_status" time="0.209" /><testcase classname="backend.tests.test_tokhealth_api.TestHealthCoachAPI" name="test_chat_with_coach" time="6.077" /><testcase classname="backend.tests.test_tokhealth_api.TestHealthCoachAPI" name="test_get_coach_messages" time="0.164" /><testcase classname="backend.tests.test_tokhealth_api.TestEmergencyContactsAPI" name="test_get_emergency_contacts" time="0.124" /><testcase classname="backend.tests.test_tokhealth_api.TestPrescriptionsAPI" name="test_get_prescriptions" time="0.120" /><testcase classname="backend.tests.test_tokhealth_api.TestHydrationAPI" name="test_get_today_hydration" time="0.105" /><testcase classname="backend.tests.test_tokhealth_api.TestWisdomVaultAPI" name="test_get_wisdom_entries" time="0.110" /></testsuite></testsuites>