<?xml version="1.0" encoding="utf-8"?><testsuites name="pytest tests"><testsuite name="pytest" errors="0" failures="0" skipped="0" tests="20" time="4.162" timestamp="2026-02-23T04:42:07.166427+00:00" hostname="agent-env-0ebea70e-d672-4f3e-bf53-64482b5e15d6"><testcase classname="backend.tests.test_auth_family.TestAuthEndpoints" name="test_login_success" time="0.157" /><testcase classname="backend.tests.test_auth_family.TestAuthEndpoints" name="test_login_invalid_password" time="0.154" /><testcase classname="backend.tests.test_auth_family.TestAuthEndpoints" name="test_login_nonexistent_user" time="0.130" /><testcase classname="backend.tests.test_auth_family.TestAuthEndpoints" name="test_get_current_user_me" time="0.268" /><testcase classname="backend.tests.test_auth_family.TestAuthEndpoints" name="test_get_current_user_invalid_token" time="0.116" /><testcase classname="backend.tests.test_auth_family.TestAuthEndpoints" name="test_register_duplicate_email" time="0.241" /><testcase classname="backend.tests.test_auth_family.TestAuthEndpoints" name="test_register_new_user_and_cleanup" time="0.105" /><testcase classname="backend.tests.test_auth_family.TestAuthEndpoints" name="test_logout" time="0.334" /><testcase classname="backend.tests.test_auth_family.TestFamilyEndpoints" name="test_get_family_members" time="0.223" /><testcase classname="backend.tests.test_auth_family.TestFamilyEndpoints" name="test_get_family_members_no_auth" time="0.103" /><testcase classname="backend.tests.test_auth_family.TestFamilyEndpoints" name="test_get_pending_invites" time="0.223" /><testcase classname="backend.tests.test_auth_family.TestFamilyEndpoints" name="test_send_invite_to_self_fails" time="0.204" /><testcase classname="backend.tests.test_auth_family.TestFamilyEndpoints" name="test_send_invite_nonexistent_user" time="0.213" /><testcase classname="backend.tests.test_auth_family.TestFamilyEndpoints" name="test_get_family_dashboard" time="0.264" /><testcase classname="backend.tests.test_auth_family.TestFamilyEndpoints" name="test_family_dashboard_shows_health_zone" time="0.217" /><testcase classname="backend.tests.test_auth_family.TestFamilyEndpoints" name="test_remove_family_member_not_linked" time="0.217" /><testcase classname="backend.tests.test_auth_family.TestFamilyEndpoints" name="test_respond_to_nonexistent_invite" time="0.204" /><testcase classname="backend.tests.test_auth_family.TestProfileWithAuth" name="test_create_profile_with_auth" time="0.206" /><testcase classname="backend.tests.test_auth_family.TestProfileWithAuth" name="test_get_profile_with_auth" time="0.217" /><testcase classname="backend.tests.test_auth_family.TestBiometricsWithAuth" name="test_log_biometrics_with_auth" time="0.244" /></testsuite></testsuites>