<?xml version="1.0" encoding="utf-8"?><testsuites name="pytest tests"><testsuite name="pytest" errors="0" failures="2" skipped="0" tests="16" time="7.266" timestamp="2026-02-22T20:23:10.373829+00:00" hostname="agent-env-67fa3b8d-fd44-49f4-868c-0c9a63dd039c"><testcase classname="backend.tests.test_tokhealth_api.TestHealthCheck" name="test_api_root" time="0.137" /><testcase classname="backend.tests.test_tokhealth_api.TestHealthCheck" name="test_health_endpoint" time="0.125" /><testcase classname="backend.tests.test_tokhealth_api.TestBiometricsAPI" name="test_get_today_biometrics" time="0.123" /><testcase classname="backend.tests.test_tokhealth_api.TestBiometricsAPI" name="test_log_biometrics" time="0.186" /><testcase classname="backend.tests.test_tokhealth_api.TestBiometricsAPI" name="test_biometric_zones" time="0.143" /><testcase classname="backend.tests.test_tokhealth_api.TestBiometricsAPI" name="test_biometric_history" time="0.106" /><testcase classname="backend.tests.test_tokhealth_api.TestNutritionAPI" name="test_get_today_nutrition" time="0.111" /><testcase classname="backend.tests.test_tokhealth_api.TestNutritionAPI" name="test_log_meal" time="0.116"><failure message="assert 422 == 200&#10; +  where 422 = &lt;Response [422]&gt;.status_code">backend/tests/test_tokhealth_api.py:129: in test_log_meal
    assert response.status_code == 200
E   assert 422 == 200
E    +  where 422 = &lt;Response [422]&gt;.status_code</failure></testcase><testcase classname="backend.tests.test_tokhealth_api.TestLoopAPI" name="test_get_loop_status" time="0.121" /><testcase classname="backend.tests.test_tokhealth_api.TestHealthCoachAPI" name="test_get_coach_status" time="0.125" /><testcase classname="backend.tests.test_tokhealth_api.TestHealthCoachAPI" name="test_chat_with_coach" time="5.235" /><testcase classname="backend.tests.test_tokhealth_api.TestHealthCoachAPI" name="test_get_coach_messages" time="0.151"><failure message="assert 520 == 200&#10; +  where 520 = &lt;Response [520]&gt;.status_code">backend/tests/test_tokhealth_api.py:189: in test_get_coach_messages
    assert response.status_code == 200
E   assert 520 == 200
E    +  where 520 = &lt;Response [520]&gt;.status_code</failure></testcase><testcase classname="backend.tests.test_tokhealth_api.TestEmergencyContactsAPI" name="test_get_emergency_contacts" time="0.100" /><testcase classname="backend.tests.test_tokhealth_api.TestPrescriptionsAPI" name="test_get_prescriptions" time="0.120" /><testcase classname="backend.tests.test_tokhealth_api.TestHydrationAPI" name="test_get_today_hydration" time="0.135" /><testcase classname="backend.tests.test_tokhealth_api.TestWisdomVaultAPI" name="test_get_wisdom_entries" time="0.101" /></testsuite></testsuites>