<?xml version="1.0" encoding="utf-8"?><testsuites name="pytest tests"><testsuite name="pytest" errors="0" failures="0" skipped="0" tests="14" time="2.141" timestamp="2026-02-22T21:11:47.285097+00:00" hostname="agent-env-67fa3b8d-fd44-49f4-868c-0c9a63dd039c"><testcase classname="backend.tests.test_new_features.TestUserProfileAPI" name="test_get_profile_no_existing" time="0.175" /><testcase classname="backend.tests.test_new_features.TestUserProfileAPI" name="test_create_profile_with_validation" time="0.245" /><testcase classname="backend.tests.test_new_features.TestUserProfileAPI" name="test_get_profile_after_creation" time="0.130" /><testcase classname="backend.tests.test_new_features.TestUserProfileAPI" name="test_get_personalized_targets" time="0.112" /><testcase classname="backend.tests.test_new_features.TestUserProfileAPI" name="test_update_profile" time="0.127" /><testcase classname="backend.tests.test_new_features.TestBackToGreenAPI" name="test_get_interventions_yellow_zone" time="0.179" /><testcase classname="backend.tests.test_new_features.TestBackToGreenAPI" name="test_get_interventions_red_zone" time="0.123" /><testcase classname="backend.tests.test_new_features.TestBackToGreenAPI" name="test_get_interventions_green_zone" time="0.117" /><testcase classname="backend.tests.test_new_features.TestBackToGreenAPI" name="test_intervention_breathing_present" time="0.175" /><testcase classname="backend.tests.test_new_features.TestBackToGreenAPI" name="test_intervention_hydration_present" time="0.115" /><testcase classname="backend.tests.test_new_features.TestMedicalExportDataAPIs" name="test_profile_for_export" time="0.118" /><testcase classname="backend.tests.test_new_features.TestMedicalExportDataAPIs" name="test_biometrics_today_for_export" time="0.130" /><testcase classname="backend.tests.test_new_features.TestMedicalExportDataAPIs" name="test_prescriptions_for_export" time="0.111" /><testcase classname="backend.tests.test_new_features.TestMedicalExportDataAPIs" name="test_emergency_contacts_for_export" time="0.154" /></testsuite></testsuites>